<?xml version="1.0" encoding="UTF-8"?>
<testsuite name="风控接口测试"
           tests="185"
           failures="5"
           errors="0"
           skipped="0"
           time="969.711">
  <properties />
            <testcase name="excute" time="6.465" classname="com.fkapi.vcc.ExcuteVccApplyCase">
                <failure type="java.lang.Throwable"
                  message="(null)"
              >
<![CDATA[java.lang.Throwable
  message : expected [AUDIT_RETURN] but found [AUDIT_PASS] in method : .excute(ExcuteVccApplyCase:94)
  com.fkapi.vcc.ExcuteVccApplyCase.excute(ExcuteVccApplyCase.java:94)
]]>
      </failure>

          </testcase>
            <testcase name="excute" time="7.499" classname="com.fkapi.vcc.ExcuteVccApplyCase">
                <failure type="java.lang.Throwable"
                  message="(null)"
              >
<![CDATA[java.lang.Throwable
  message : expected [AUDIT_RETURN] but found [AUDIT_PASS] in method : .excute(ExcuteVccApplyCase:94)
  com.fkapi.vcc.ExcuteVccApplyCase.excute(ExcuteVccApplyCase.java:94)
]]>
      </failure>

          </testcase>
            <testcase name="excute" time="6.395" classname="com.fkapi.vcc.ExcuteVccApplyCase">
                <failure type="java.lang.Throwable"
                  message="(null)"
              >
<![CDATA[java.lang.Throwable
  message : expected [AUDIT_RETURN] but found [AUDIT_PASS] in method : .excute(ExcuteVccApplyCase:94)
  com.fkapi.vcc.ExcuteVccApplyCase.excute(ExcuteVccApplyCase.java:94)
]]>
      </failure>

          </testcase>
            <testcase name="excute" time="6.530" classname="com.fkapi.vcc.ExcuteVccApplyCase">
                <failure type="java.lang.Throwable"
                  message="(null)"
              >
<![CDATA[java.lang.Throwable
  message : expected [AUDIT_RETURN] but found [AUDIT_PASS] in method : .excute(ExcuteVccApplyCase:94)
  com.fkapi.vcc.ExcuteVccApplyCase.excute(ExcuteVccApplyCase.java:94)
]]>
      </failure>

          </testcase>
            <testcase name="excute" time="6.333" classname="com.fkapi.vcc.ExcuteVccApplyCase">
                <failure type="java.lang.Throwable"
                  message="(null)"
              >
<![CDATA[java.lang.Throwable
  message : expected [AUDIT_RETURN] but found [AUDIT_PASS] in method : .excute(ExcuteVccApplyCase:94)
  com.fkapi.vcc.ExcuteVccApplyCase.excute(ExcuteVccApplyCase.java:94)
]]>
      </failure>

          </testcase>
  
  
            <testcase name="excute" time="5.241" classname="com.fkapi.vcc.ExcuteVccApplyCase" />
                <testcase name="excute" time="3.496" classname="com.fkapi.vcc.ExcuteVccApplyCase" />
                <testcase name="excute" time="5.326" classname="com.fkapi.vcc.ExcuteVccApplyCase" />
                <testcase name="excute" time="5.429" classname="com.fkapi.vcc.ExcuteVccApplyCase" />
                <testcase name="excute" time="5.667" classname="com.fkapi.vcc.ExcuteVccApplyCase" />
                <testcase name="excute" time="5.248" classname="com.fkapi.vcc.ExcuteVccApplyCase" />
                <testcase name="excute" time="3.670" classname="com.fkapi.vcc.ExcuteVccApplyCase" />
                <testcase name="excute" time="5.339" classname="com.fkapi.vcc.ExcuteVccApplyCase" />
                <testcase name="excute" time="3.815" classname="com.fkapi.vcc.ExcuteVccApplyCase" />
                <testcase name="excute" time="5.583" classname="com.fkapi.vcc.ExcuteVccApplyCase" />
                <testcase name="excute" time="6.302" classname="com.fkapi.vcc.ExcuteVccApplyCase" />
                <testcase name="excute" time="5.379" classname="com.fkapi.vcc.ExcuteVccApplyCase" />
                <testcase name="excute" time="5.369" classname="com.fkapi.vcc.ExcuteVccApplyCase" />
                <testcase name="excute" time="5.294" classname="com.fkapi.vcc.ExcuteVccApplyCase" />
                <testcase name="excute" time="5.688" classname="com.fkapi.vcc.ExcuteVccApplyCase" />
                <testcase name="excute" time="5.327" classname="com.fkapi.vcc.ExcuteVccApplyCase" />
                <testcase name="excute" time="5.505" classname="com.fkapi.vcc.ExcuteVccApplyCase" />
                <testcase name="excute" time="5.180" classname="com.fkapi.vcc.ExcuteVccApplyCase" />
                <testcase name="excute" time="5.170" classname="com.fkapi.vcc.ExcuteVccApplyCase" />
                <testcase name="excute" time="5.445" classname="com.fkapi.vcc.ExcuteVccApplyCase" />
                <testcase name="excute" time="5.219" classname="com.fkapi.vcc.ExcuteVccApplyCase" />
                <testcase name="excute" time="5.186" classname="com.fkapi.vcc.ExcuteVccApplyCase" />
                <testcase name="excute" time="5.511" classname="com.fkapi.vcc.ExcuteVccApplyCase" />
                <testcase name="excute" time="5.060" classname="com.fkapi.vcc.ExcuteVccApplyCase" />
                <testcase name="excute" time="5.433" classname="com.fkapi.vcc.ExcuteVccApplyCase" />
                <testcase name="excute" time="6.339" classname="com.fkapi.vcc.ExcuteVccApplyCase" />
                <testcase name="excute" time="5.284" classname="com.fkapi.vcc.ExcuteVccApplyCase" />
                <testcase name="excute" time="5.293" classname="com.fkapi.vcc.ExcuteVccApplyCase" />
                <testcase name="excute" time="5.500" classname="com.fkapi.vcc.ExcuteVccApplyCase" />
                <testcase name="excute" time="5.394" classname="com.fkapi.vcc.ExcuteVccApplyCase" />
                <testcase name="excute" time="5.367" classname="com.fkapi.vcc.ExcuteVccApplyCase" />
                <testcase name="excute" time="5.250" classname="com.fkapi.vcc.ExcuteVccApplyCase" />
                <testcase name="excute" time="5.040" classname="com.fkapi.vcc.ExcuteVccApplyCase" />
                <testcase name="excute" time="5.194" classname="com.fkapi.vcc.ExcuteVccApplyCase" />
                <testcase name="excute" time="5.246" classname="com.fkapi.vcc.ExcuteVccApplyCase" />
                <testcase name="excute" time="5.296" classname="com.fkapi.vcc.ExcuteVccApplyCase" />
                <testcase name="excute" time="5.418" classname="com.fkapi.vcc.ExcuteVccApplyCase" />
                <testcase name="excute" time="5.273" classname="com.fkapi.vcc.ExcuteVccApplyCase" />
                <testcase name="excute" time="6.437" classname="com.fkapi.vcc.ExcuteVccApplyCase" />
                <testcase name="excute" time="7.423" classname="com.fkapi.vcc.ExcuteVccApplyCase" />
                <testcase name="excute" time="5.393" classname="com.fkapi.vcc.ExcuteVccApplyCase" />
                <testcase name="excute" time="3.868" classname="com.fkapi.vcc.ExcuteVccApplyCase" />
                <testcase name="excute" time="5.163" classname="com.fkapi.vcc.ExcuteVccApplyCase" />
                <testcase name="excute" time="5.298" classname="com.fkapi.vcc.ExcuteVccApplyCase" />
                <testcase name="excute" time="5.228" classname="com.fkapi.vcc.ExcuteVccApplyCase" />
                <testcase name="excute" time="5.445" classname="com.fkapi.vcc.ExcuteVccApplyCase" />
                <testcase name="excute" time="3.607" classname="com.fkapi.vcc.ExcuteVccApplyCase" />
                <testcase name="excute" time="6.412" classname="com.fkapi.vcc.ExcuteVccApplyCase" />
                <testcase name="excute" time="4.006" classname="com.fkapi.vcc.ExcuteVccApplyCase" />
                <testcase name="excute" time="5.294" classname="com.fkapi.vcc.ExcuteVccApplyCase" />
                <testcase name="excute" time="3.497" classname="com.fkapi.vcc.ExcuteVccApplyCase" />
                <testcase name="excute" time="5.338" classname="com.fkapi.vcc.ExcuteVccApplyCase" />
                <testcase name="excute" time="5.311" classname="com.fkapi.vcc.ExcuteVccApplyCase" />
                <testcase name="excute" time="4.963" classname="com.fkapi.vcc.ExcuteVccApplyCase" />
                <testcase name="excute" time="3.863" classname="com.fkapi.vcc.ExcuteVccApplyCase" />
                <testcase name="excute" time="3.732" classname="com.fkapi.vcc.ExcuteVccApplyCase" />
                <testcase name="excute" time="5.440" classname="com.fkapi.vcc.ExcuteVccApplyCase" />
                <testcase name="excute" time="3.775" classname="com.fkapi.vcc.ExcuteVccApplyCase" />
                <testcase name="excute" time="5.279" classname="com.fkapi.vcc.ExcuteVccApplyCase" />
                <testcase name="excute" time="5.213" classname="com.fkapi.vcc.ExcuteVccApplyCase" />
                <testcase name="excute" time="5.211" classname="com.fkapi.vcc.ExcuteVccApplyCase" />
                <testcase name="excute" time="5.408" classname="com.fkapi.vcc.ExcuteVccApplyCase" />
                <testcase name="excute" time="6.316" classname="com.fkapi.vcc.ExcuteVccApplyCase" />
                <testcase name="excute" time="3.801" classname="com.fkapi.vcc.ExcuteVccApplyCase" />
                <testcase name="excute" time="5.308" classname="com.fkapi.vcc.ExcuteVccApplyCase" />
                <testcase name="excute" time="5.370" classname="com.fkapi.vcc.ExcuteVccApplyCase" />
                <testcase name="excute" time="3.526" classname="com.fkapi.vcc.ExcuteVccApplyCase" />
                <testcase name="excute" time="4.436" classname="com.fkapi.vcc.ExcuteVccApplyCase" />
                <testcase name="excute" time="6.330" classname="com.fkapi.vcc.ExcuteVccApplyCase" />
                <testcase name="excute" time="5.374" classname="com.fkapi.vcc.ExcuteVccApplyCase" />
                <testcase name="excute" time="5.480" classname="com.fkapi.vcc.ExcuteVccApplyCase" />
                <testcase name="excute" time="5.389" classname="com.fkapi.vcc.ExcuteVccApplyCase" />
                <testcase name="excute" time="3.576" classname="com.fkapi.vcc.ExcuteVccApplyCase" />
                <testcase name="excute" time="5.215" classname="com.fkapi.vcc.ExcuteVccApplyCase" />
                <testcase name="excute" time="5.338" classname="com.fkapi.vcc.ExcuteVccApplyCase" />
                <testcase name="excute" time="5.231" classname="com.fkapi.vcc.ExcuteVccApplyCase" />
                <testcase name="excute" time="5.203" classname="com.fkapi.vcc.ExcuteVccApplyCase" />
                <testcase name="excute" time="3.521" classname="com.fkapi.vcc.ExcuteVccApplyCase" />
                <testcase name="excute" time="5.184" classname="com.fkapi.vcc.ExcuteVccApplyCase" />
                <testcase name="excute" time="5.238" classname="com.fkapi.vcc.ExcuteVccApplyCase" />
                <testcase name="excute" time="3.853" classname="com.fkapi.vcc.ExcuteVccApplyCase" />
                <testcase name="excute" time="5.458" classname="com.fkapi.vcc.ExcuteVccApplyCase" />
                <testcase name="excute" time="5.375" classname="com.fkapi.vcc.ExcuteVccApplyCase" />
                <testcase name="excute" time="5.342" classname="com.fkapi.vcc.ExcuteVccApplyCase" />
                <testcase name="excute" time="6.303" classname="com.fkapi.vcc.ExcuteVccApplyCase" />
                <testcase name="excute" time="5.325" classname="com.fkapi.vcc.ExcuteVccApplyCase" />
                <testcase name="excute" time="6.534" classname="com.fkapi.vcc.ExcuteVccApplyCase" />
                <testcase name="excute" time="5.295" classname="com.fkapi.vcc.ExcuteVccApplyCase" />
                <testcase name="excute" time="5.159" classname="com.fkapi.vcc.ExcuteVccApplyCase" />
                <testcase name="excute" time="5.213" classname="com.fkapi.vcc.ExcuteVccApplyCase" />
                <testcase name="excute" time="5.433" classname="com.fkapi.vcc.ExcuteVccApplyCase" />
                <testcase name="excute" time="3.681" classname="com.fkapi.vcc.ExcuteVccApplyCase" />
                <testcase name="excute" time="5.405" classname="com.fkapi.vcc.ExcuteVccApplyCase" />
                <testcase name="excute" time="5.437" classname="com.fkapi.vcc.ExcuteVccApplyCase" />
                <testcase name="excute" time="5.300" classname="com.fkapi.vcc.ExcuteVccApplyCase" />
                <testcase name="excute" time="5.348" classname="com.fkapi.vcc.ExcuteVccApplyCase" />
                <testcase name="excute" time="5.054" classname="com.fkapi.vcc.ExcuteVccApplyCase" />
                <testcase name="excute" time="8.777" classname="com.fkapi.vcc.ExcuteVccApplyCase" />
                <testcase name="excute" time="4.159" classname="com.fkapi.vcc.ExcuteVccApplyCase" />
                <testcase name="excute" time="5.415" classname="com.fkapi.vcc.ExcuteVccApplyCase" />
                <testcase name="excute" time="5.506" classname="com.fkapi.vcc.ExcuteVccApplyCase" />
                <testcase name="excute" time="5.224" classname="com.fkapi.vcc.ExcuteVccApplyCase" />
                <testcase name="excute" time="5.465" classname="com.fkapi.vcc.ExcuteVccApplyCase" />
                <testcase name="excute" time="6.399" classname="com.fkapi.vcc.ExcuteVccApplyCase" />
                <testcase name="excute" time="5.071" classname="com.fkapi.vcc.ExcuteVccApplyCase" />
                <testcase name="excute" time="4.183" classname="com.fkapi.vcc.ExcuteVccApplyCase" />
                <testcase name="excute" time="5.250" classname="com.fkapi.vcc.ExcuteVccApplyCase" />
                <testcase name="excute" time="5.227" classname="com.fkapi.vcc.ExcuteVccApplyCase" />
                <testcase name="excute" time="5.203" classname="com.fkapi.vcc.ExcuteVccApplyCase" />
                <testcase name="excute" time="5.348" classname="com.fkapi.vcc.ExcuteVccApplyCase" />
                <testcase name="excute" time="5.438" classname="com.fkapi.vcc.ExcuteVccApplyCase" />
                <testcase name="excute" time="5.298" classname="com.fkapi.vcc.ExcuteVccApplyCase" />
                <testcase name="excute" time="4.105" classname="com.fkapi.vcc.ExcuteVccApplyCase" />
                <testcase name="excute" time="5.398" classname="com.fkapi.vcc.ExcuteVccApplyCase" />
                <testcase name="excute" time="6.334" classname="com.fkapi.vcc.ExcuteVccApplyCase" />
                <testcase name="excute" time="5.544" classname="com.fkapi.vcc.ExcuteVccApplyCase" />
                <testcase name="excute" time="7.363" classname="com.fkapi.vcc.ExcuteVccApplyCase" />
                <testcase name="excute" time="5.442" classname="com.fkapi.vcc.ExcuteVccApplyCase" />
                <testcase name="excute" time="5.174" classname="com.fkapi.vcc.ExcuteVccApplyCase" />
                <testcase name="excute" time="5.220" classname="com.fkapi.vcc.ExcuteVccApplyCase" />
                <testcase name="excute" time="5.326" classname="com.fkapi.vcc.ExcuteVccApplyCase" />
                <testcase name="excute" time="5.381" classname="com.fkapi.vcc.ExcuteVccApplyCase" />
                <testcase name="excute" time="5.283" classname="com.fkapi.vcc.ExcuteVccApplyCase" />
                <testcase name="excute" time="5.300" classname="com.fkapi.vcc.ExcuteVccApplyCase" />
                <testcase name="excute" time="5.440" classname="com.fkapi.vcc.ExcuteVccApplyCase" />
                <testcase name="excute" time="6.358" classname="com.fkapi.vcc.ExcuteVccApplyCase" />
                <testcase name="excute" time="5.411" classname="com.fkapi.vcc.ExcuteVccApplyCase" />
                <testcase name="excute" time="5.352" classname="com.fkapi.vcc.ExcuteVccApplyCase" />
                <testcase name="excute" time="5.486" classname="com.fkapi.vcc.ExcuteVccApplyCase" />
                <testcase name="excute" time="4.006" classname="com.fkapi.vcc.ExcuteVccApplyCase" />
                <testcase name="excute" time="3.816" classname="com.fkapi.vcc.ExcuteVccApplyCase" />
                <testcase name="excute" time="5.253" classname="com.fkapi.vcc.ExcuteVccApplyCase" />
                <testcase name="excute" time="5.266" classname="com.fkapi.vcc.ExcuteVccApplyCase" />
                <testcase name="excute" time="5.267" classname="com.fkapi.vcc.ExcuteVccApplyCase" />
                <testcase name="excute" time="5.229" classname="com.fkapi.vcc.ExcuteVccApplyCase" />
                <testcase name="excute" time="4.952" classname="com.fkapi.vcc.ExcuteVccApplyCase" />
                <testcase name="excute" time="6.456" classname="com.fkapi.vcc.ExcuteVccApplyCase" />
                <testcase name="excute" time="5.188" classname="com.fkapi.vcc.ExcuteVccApplyCase" />
                <testcase name="excute" time="6.407" classname="com.fkapi.vcc.ExcuteVccApplyCase" />
                <testcase name="excute" time="5.219" classname="com.fkapi.vcc.ExcuteVccApplyCase" />
                <testcase name="excute" time="5.568" classname="com.fkapi.vcc.ExcuteVccApplyCase" />
                <testcase name="excute" time="5.352" classname="com.fkapi.vcc.ExcuteVccApplyCase" />
                <testcase name="excute" time="5.224" classname="com.fkapi.vcc.ExcuteVccApplyCase" />
                <testcase name="excute" time="4.040" classname="com.fkapi.vcc.ExcuteVccApplyCase" />
                <testcase name="excute" time="3.528" classname="com.fkapi.vcc.ExcuteVccApplyCase" />
                <testcase name="excute" time="5.211" classname="com.fkapi.vcc.ExcuteVccApplyCase" />
                <testcase name="excute" time="5.298" classname="com.fkapi.vcc.ExcuteVccApplyCase" />
                <testcase name="excute" time="5.296" classname="com.fkapi.vcc.ExcuteVccApplyCase" />
                <testcase name="excute" time="5.201" classname="com.fkapi.vcc.ExcuteVccApplyCase" />
                <testcase name="excute" time="5.267" classname="com.fkapi.vcc.ExcuteVccApplyCase" />
                <testcase name="excute" time="5.121" classname="com.fkapi.vcc.ExcuteVccApplyCase" />
                <testcase name="excute" time="5.319" classname="com.fkapi.vcc.ExcuteVccApplyCase" />
                <testcase name="excute" time="5.295" classname="com.fkapi.vcc.ExcuteVccApplyCase" />
                <testcase name="excute" time="5.301" classname="com.fkapi.vcc.ExcuteVccApplyCase" />
                <testcase name="excute" time="3.556" classname="com.fkapi.vcc.ExcuteVccApplyCase" />
                <testcase name="excute" time="5.391" classname="com.fkapi.vcc.ExcuteVccApplyCase" />
                <testcase name="excute" time="5.240" classname="com.fkapi.vcc.ExcuteVccApplyCase" />
                <testcase name="excute" time="4.006" classname="com.fkapi.vcc.ExcuteVccApplyCase" />
                <testcase name="excute" time="6.325" classname="com.fkapi.vcc.ExcuteVccApplyCase" />
                <testcase name="excute" time="5.535" classname="com.fkapi.vcc.ExcuteVccApplyCase" />
                <testcase name="excute" time="5.281" classname="com.fkapi.vcc.ExcuteVccApplyCase" />
                <testcase name="excute" time="5.129" classname="com.fkapi.vcc.ExcuteVccApplyCase" />
                <testcase name="excute" time="5.382" classname="com.fkapi.vcc.ExcuteVccApplyCase" />
                <testcase name="excute" time="5.488" classname="com.fkapi.vcc.ExcuteVccApplyCase" />
                <testcase name="excute" time="5.362" classname="com.fkapi.vcc.ExcuteVccApplyCase" />
                <testcase name="excute" time="5.223" classname="com.fkapi.vcc.ExcuteVccApplyCase" />
                <testcase name="excute" time="3.857" classname="com.fkapi.vcc.ExcuteVccApplyCase" />
                <testcase name="excute" time="5.283" classname="com.fkapi.vcc.ExcuteVccApplyCase" />
                <testcase name="excute" time="5.289" classname="com.fkapi.vcc.ExcuteVccApplyCase" />
                <testcase name="excute" time="6.401" classname="com.fkapi.vcc.ExcuteVccApplyCase" />
                <testcase name="excute" time="5.258" classname="com.fkapi.vcc.ExcuteVccApplyCase" />
                <testcase name="excute" time="5.326" classname="com.fkapi.vcc.ExcuteVccApplyCase" />
                <testcase name="excute" time="5.436" classname="com.fkapi.vcc.ExcuteVccApplyCase" />
                <testcase name="excute" time="5.346" classname="com.fkapi.vcc.ExcuteVccApplyCase" />
                <testcase name="excute" time="5.273" classname="com.fkapi.vcc.ExcuteVccApplyCase" />
                <testcase name="excute" time="3.842" classname="com.fkapi.vcc.ExcuteVccApplyCase" />
                <testcase name="excute" time="5.226" classname="com.fkapi.vcc.ExcuteVccApplyCase" />
                <testcase name="excute" time="5.383" classname="com.fkapi.vcc.ExcuteVccApplyCase" />
                <testcase name="excute" time="3.512" classname="com.fkapi.vcc.ExcuteVccApplyCase" />
                <testcase name="excute" time="5.448" classname="com.fkapi.vcc.ExcuteVccApplyCase" />
      
</testsuite>
