<?xml version="1.0" encoding="UTF-8"?>
<testsuite name="风控接口测试"
           tests="185"
           failures="0"
           errors="0"
           skipped="0"
           time="380.907">
  <properties />
  
  
            <testcase name="excute" time="1.197" classname="com.fkapi.vcc.ExcuteVccApplyCase" />
                <testcase name="excute" time="1.176" classname="com.fkapi.vcc.ExcuteVccApplyCase" />
                <testcase name="excute" time="0.564" classname="com.fkapi.vcc.ExcuteVccApplyCase" />
                <testcase name="excute" time="1.221" classname="com.fkapi.vcc.ExcuteVccApplyCase" />
                <testcase name="excute" time="1.029" classname="com.fkapi.vcc.ExcuteVccApplyCase" />
                <testcase name="excute" time="1.161" classname="com.fkapi.vcc.ExcuteVccApplyCase" />
                <testcase name="excute" time="1.133" classname="com.fkapi.vcc.ExcuteVccApplyCase" />
                <testcase name="excute" time="1.164" classname="com.fkapi.vcc.ExcuteVccApplyCase" />
                <testcase name="excute" time="1.181" classname="com.fkapi.vcc.ExcuteVccApplyCase" />
                <testcase name="excute" time="0.614" classname="com.fkapi.vcc.ExcuteVccApplyCase" />
                <testcase name="excute" time="1.595" classname="com.fkapi.vcc.ExcuteVccApplyCase" />
                <testcase name="excute" time="1.694" classname="com.fkapi.vcc.ExcuteVccApplyCase" />
                <testcase name="excute" time="1.258" classname="com.fkapi.vcc.ExcuteVccApplyCase" />
                <testcase name="excute" time="1.111" classname="com.fkapi.vcc.ExcuteVccApplyCase" />
                <testcase name="excute" time="1.273" classname="com.fkapi.vcc.ExcuteVccApplyCase" />
                <testcase name="excute" time="1.299" classname="com.fkapi.vcc.ExcuteVccApplyCase" />
                <testcase name="excute" time="1.146" classname="com.fkapi.vcc.ExcuteVccApplyCase" />
                <testcase name="excute" time="1.485" classname="com.fkapi.vcc.ExcuteVccApplyCase" />
                <testcase name="excute" time="1.131" classname="com.fkapi.vcc.ExcuteVccApplyCase" />
                <testcase name="excute" time="1.019" classname="com.fkapi.vcc.ExcuteVccApplyCase" />
                <testcase name="excute" time="20.929" classname="com.fkapi.vcc.ExcuteVccApplyCase" />
                <testcase name="excute" time="0.600" classname="com.fkapi.vcc.ExcuteVccApplyCase" />
                <testcase name="excute" time="1.109" classname="com.fkapi.vcc.ExcuteVccApplyCase" />
                <testcase name="excute" time="1.174" classname="com.fkapi.vcc.ExcuteVccApplyCase" />
                <testcase name="excute" time="0.547" classname="com.fkapi.vcc.ExcuteVccApplyCase" />
                <testcase name="excute" time="1.072" classname="com.fkapi.vcc.ExcuteVccApplyCase" />
                <testcase name="excute" time="1.176" classname="com.fkapi.vcc.ExcuteVccApplyCase" />
                <testcase name="excute" time="1.283" classname="com.fkapi.vcc.ExcuteVccApplyCase" />
                <testcase name="excute" time="21.276" classname="com.fkapi.vcc.ExcuteVccApplyCase" />
                <testcase name="excute" time="1.234" classname="com.fkapi.vcc.ExcuteVccApplyCase" />
                <testcase name="excute" time="0.881" classname="com.fkapi.vcc.ExcuteVccApplyCase" />
                <testcase name="excute" time="1.343" classname="com.fkapi.vcc.ExcuteVccApplyCase" />
                <testcase name="excute" time="0.961" classname="com.fkapi.vcc.ExcuteVccApplyCase" />
                <testcase name="excute" time="1.166" classname="com.fkapi.vcc.ExcuteVccApplyCase" />
                <testcase name="excute" time="1.552" classname="com.fkapi.vcc.ExcuteVccApplyCase" />
                <testcase name="excute" time="1.157" classname="com.fkapi.vcc.ExcuteVccApplyCase" />
                <testcase name="excute" time="1.527" classname="com.fkapi.vcc.ExcuteVccApplyCase" />
                <testcase name="excute" time="1.317" classname="com.fkapi.vcc.ExcuteVccApplyCase" />
                <testcase name="excute" time="1.179" classname="com.fkapi.vcc.ExcuteVccApplyCase" />
                <testcase name="excute" time="1.019" classname="com.fkapi.vcc.ExcuteVccApplyCase" />
                <testcase name="excute" time="1.290" classname="com.fkapi.vcc.ExcuteVccApplyCase" />
                <testcase name="excute" time="1.365" classname="com.fkapi.vcc.ExcuteVccApplyCase" />
                <testcase name="excute" time="1.070" classname="com.fkapi.vcc.ExcuteVccApplyCase" />
                <testcase name="excute" time="1.400" classname="com.fkapi.vcc.ExcuteVccApplyCase" />
                <testcase name="excute" time="0.880" classname="com.fkapi.vcc.ExcuteVccApplyCase" />
                <testcase name="excute" time="1.125" classname="com.fkapi.vcc.ExcuteVccApplyCase" />
                <testcase name="excute" time="1.004" classname="com.fkapi.vcc.ExcuteVccApplyCase" />
                <testcase name="excute" time="1.276" classname="com.fkapi.vcc.ExcuteVccApplyCase" />
                <testcase name="excute" time="1.693" classname="com.fkapi.vcc.ExcuteVccApplyCase" />
                <testcase name="excute" time="1.214" classname="com.fkapi.vcc.ExcuteVccApplyCase" />
                <testcase name="excute" time="1.417" classname="com.fkapi.vcc.ExcuteVccApplyCase" />
                <testcase name="excute" time="1.319" classname="com.fkapi.vcc.ExcuteVccApplyCase" />
                <testcase name="excute" time="0.962" classname="com.fkapi.vcc.ExcuteVccApplyCase" />
                <testcase name="excute" time="1.074" classname="com.fkapi.vcc.ExcuteVccApplyCase" />
                <testcase name="excute" time="0.969" classname="com.fkapi.vcc.ExcuteVccApplyCase" />
                <testcase name="excute" time="1.192" classname="com.fkapi.vcc.ExcuteVccApplyCase" />
                <testcase name="excute" time="1.164" classname="com.fkapi.vcc.ExcuteVccApplyCase" />
                <testcase name="excute" time="1.355" classname="com.fkapi.vcc.ExcuteVccApplyCase" />
                <testcase name="excute" time="0.558" classname="com.fkapi.vcc.ExcuteVccApplyCase" />
                <testcase name="excute" time="1.392" classname="com.fkapi.vcc.ExcuteVccApplyCase" />
                <testcase name="excute" time="1.284" classname="com.fkapi.vcc.ExcuteVccApplyCase" />
                <testcase name="excute" time="1.183" classname="com.fkapi.vcc.ExcuteVccApplyCase" />
                <testcase name="excute" time="1.202" classname="com.fkapi.vcc.ExcuteVccApplyCase" />
                <testcase name="excute" time="1.133" classname="com.fkapi.vcc.ExcuteVccApplyCase" />
                <testcase name="excute" time="1.140" classname="com.fkapi.vcc.ExcuteVccApplyCase" />
                <testcase name="excute" time="1.393" classname="com.fkapi.vcc.ExcuteVccApplyCase" />
                <testcase name="excute" time="1.205" classname="com.fkapi.vcc.ExcuteVccApplyCase" />
                <testcase name="excute" time="1.235" classname="com.fkapi.vcc.ExcuteVccApplyCase" />
                <testcase name="excute" time="1.055" classname="com.fkapi.vcc.ExcuteVccApplyCase" />
                <testcase name="excute" time="21.512" classname="com.fkapi.vcc.ExcuteVccApplyCase" />
                <testcase name="excute" time="1.185" classname="com.fkapi.vcc.ExcuteVccApplyCase" />
                <testcase name="excute" time="1.468" classname="com.fkapi.vcc.ExcuteVccApplyCase" />
                <testcase name="excute" time="1.069" classname="com.fkapi.vcc.ExcuteVccApplyCase" />
                <testcase name="excute" time="1.170" classname="com.fkapi.vcc.ExcuteVccApplyCase" />
                <testcase name="excute" time="1.383" classname="com.fkapi.vcc.ExcuteVccApplyCase" />
                <testcase name="excute" time="0.983" classname="com.fkapi.vcc.ExcuteVccApplyCase" />
                <testcase name="excute" time="1.155" classname="com.fkapi.vcc.ExcuteVccApplyCase" />
                <testcase name="excute" time="21.440" classname="com.fkapi.vcc.ExcuteVccApplyCase" />
                <testcase name="excute" time="0.602" classname="com.fkapi.vcc.ExcuteVccApplyCase" />
                <testcase name="excute" time="1.074" classname="com.fkapi.vcc.ExcuteVccApplyCase" />
                <testcase name="excute" time="1.336" classname="com.fkapi.vcc.ExcuteVccApplyCase" />
                <testcase name="excute" time="1.083" classname="com.fkapi.vcc.ExcuteVccApplyCase" />
                <testcase name="excute" time="0.677" classname="com.fkapi.vcc.ExcuteVccApplyCase" />
                <testcase name="excute" time="1.130" classname="com.fkapi.vcc.ExcuteVccApplyCase" />
                <testcase name="excute" time="1.561" classname="com.fkapi.vcc.ExcuteVccApplyCase" />
                <testcase name="excute" time="1.366" classname="com.fkapi.vcc.ExcuteVccApplyCase" />
                <testcase name="excute" time="1.254" classname="com.fkapi.vcc.ExcuteVccApplyCase" />
                <testcase name="excute" time="1.684" classname="com.fkapi.vcc.ExcuteVccApplyCase" />
                <testcase name="excute" time="1.067" classname="com.fkapi.vcc.ExcuteVccApplyCase" />
                <testcase name="excute" time="1.408" classname="com.fkapi.vcc.ExcuteVccApplyCase" />
                <testcase name="excute" time="0.893" classname="com.fkapi.vcc.ExcuteVccApplyCase" />
                <testcase name="excute" time="1.306" classname="com.fkapi.vcc.ExcuteVccApplyCase" />
                <testcase name="excute" time="1.006" classname="com.fkapi.vcc.ExcuteVccApplyCase" />
                <testcase name="excute" time="1.163" classname="com.fkapi.vcc.ExcuteVccApplyCase" />
                <testcase name="excute" time="1.150" classname="com.fkapi.vcc.ExcuteVccApplyCase" />
                <testcase name="excute" time="1.161" classname="com.fkapi.vcc.ExcuteVccApplyCase" />
                <testcase name="excute" time="0.933" classname="com.fkapi.vcc.ExcuteVccApplyCase" />
                <testcase name="excute" time="1.190" classname="com.fkapi.vcc.ExcuteVccApplyCase" />
                <testcase name="excute" time="1.491" classname="com.fkapi.vcc.ExcuteVccApplyCase" />
                <testcase name="excute" time="0.571" classname="com.fkapi.vcc.ExcuteVccApplyCase" />
                <testcase name="excute" time="1.138" classname="com.fkapi.vcc.ExcuteVccApplyCase" />
                <testcase name="excute" time="1.541" classname="com.fkapi.vcc.ExcuteVccApplyCase" />
                <testcase name="excute" time="1.096" classname="com.fkapi.vcc.ExcuteVccApplyCase" />
                <testcase name="excute" time="1.225" classname="com.fkapi.vcc.ExcuteVccApplyCase" />
                <testcase name="excute" time="21.070" classname="com.fkapi.vcc.ExcuteVccApplyCase" />
                <testcase name="excute" time="0.572" classname="com.fkapi.vcc.ExcuteVccApplyCase" />
                <testcase name="excute" time="1.116" classname="com.fkapi.vcc.ExcuteVccApplyCase" />
                <testcase name="excute" time="1.411" classname="com.fkapi.vcc.ExcuteVccApplyCase" />
                <testcase name="excute" time="1.487" classname="com.fkapi.vcc.ExcuteVccApplyCase" />
                <testcase name="excute" time="1.143" classname="com.fkapi.vcc.ExcuteVccApplyCase" />
                <testcase name="excute" time="1.215" classname="com.fkapi.vcc.ExcuteVccApplyCase" />
                <testcase name="excute" time="0.526" classname="com.fkapi.vcc.ExcuteVccApplyCase" />
                <testcase name="excute" time="1.340" classname="com.fkapi.vcc.ExcuteVccApplyCase" />
                <testcase name="excute" time="1.191" classname="com.fkapi.vcc.ExcuteVccApplyCase" />
                <testcase name="excute" time="4.128" classname="com.fkapi.vcc.ExcuteVccApplyCase" />
                <testcase name="excute" time="1.246" classname="com.fkapi.vcc.ExcuteVccApplyCase" />
                <testcase name="excute" time="1.238" classname="com.fkapi.vcc.ExcuteVccApplyCase" />
                <testcase name="excute" time="1.320" classname="com.fkapi.vcc.ExcuteVccApplyCase" />
                <testcase name="excute" time="1.110" classname="com.fkapi.vcc.ExcuteVccApplyCase" />
                <testcase name="excute" time="1.163" classname="com.fkapi.vcc.ExcuteVccApplyCase" />
                <testcase name="excute" time="1.037" classname="com.fkapi.vcc.ExcuteVccApplyCase" />
                <testcase name="excute" time="1.196" classname="com.fkapi.vcc.ExcuteVccApplyCase" />
                <testcase name="excute" time="1.203" classname="com.fkapi.vcc.ExcuteVccApplyCase" />
                <testcase name="excute" time="1.189" classname="com.fkapi.vcc.ExcuteVccApplyCase" />
                <testcase name="excute" time="21.167" classname="com.fkapi.vcc.ExcuteVccApplyCase" />
                <testcase name="excute" time="1.357" classname="com.fkapi.vcc.ExcuteVccApplyCase" />
                <testcase name="excute" time="0.762" classname="com.fkapi.vcc.ExcuteVccApplyCase" />
                <testcase name="excute" time="1.180" classname="com.fkapi.vcc.ExcuteVccApplyCase" />
                <testcase name="excute" time="1.126" classname="com.fkapi.vcc.ExcuteVccApplyCase" />
                <testcase name="excute" time="1.346" classname="com.fkapi.vcc.ExcuteVccApplyCase" />
                <testcase name="excute" time="1.388" classname="com.fkapi.vcc.ExcuteVccApplyCase" />
                <testcase name="excute" time="1.135" classname="com.fkapi.vcc.ExcuteVccApplyCase" />
                <testcase name="excute" time="1.055" classname="com.fkapi.vcc.ExcuteVccApplyCase" />
                <testcase name="excute" time="21.435" classname="com.fkapi.vcc.ExcuteVccApplyCase" />
                <testcase name="excute" time="1.264" classname="com.fkapi.vcc.ExcuteVccApplyCase" />
                <testcase name="excute" time="1.187" classname="com.fkapi.vcc.ExcuteVccApplyCase" />
                <testcase name="excute" time="1.110" classname="com.fkapi.vcc.ExcuteVccApplyCase" />
                <testcase name="excute" time="0.932" classname="com.fkapi.vcc.ExcuteVccApplyCase" />
                <testcase name="excute" time="1.390" classname="com.fkapi.vcc.ExcuteVccApplyCase" />
                <testcase name="excute" time="1.131" classname="com.fkapi.vcc.ExcuteVccApplyCase" />
                <testcase name="excute" time="1.166" classname="com.fkapi.vcc.ExcuteVccApplyCase" />
                <testcase name="excute" time="1.063" classname="com.fkapi.vcc.ExcuteVccApplyCase" />
                <testcase name="excute" time="1.279" classname="com.fkapi.vcc.ExcuteVccApplyCase" />
                <testcase name="excute" time="1.132" classname="com.fkapi.vcc.ExcuteVccApplyCase" />
                <testcase name="excute" time="1.188" classname="com.fkapi.vcc.ExcuteVccApplyCase" />
                <testcase name="excute" time="1.119" classname="com.fkapi.vcc.ExcuteVccApplyCase" />
                <testcase name="excute" time="1.232" classname="com.fkapi.vcc.ExcuteVccApplyCase" />
                <testcase name="excute" time="1.170" classname="com.fkapi.vcc.ExcuteVccApplyCase" />
                <testcase name="excute" time="0.569" classname="com.fkapi.vcc.ExcuteVccApplyCase" />
                <testcase name="excute" time="1.516" classname="com.fkapi.vcc.ExcuteVccApplyCase" />
                <testcase name="excute" time="1.133" classname="com.fkapi.vcc.ExcuteVccApplyCase" />
                <testcase name="excute" time="1.132" classname="com.fkapi.vcc.ExcuteVccApplyCase" />
                <testcase name="excute" time="1.216" classname="com.fkapi.vcc.ExcuteVccApplyCase" />
                <testcase name="excute" time="1.024" classname="com.fkapi.vcc.ExcuteVccApplyCase" />
                <testcase name="excute" time="1.022" classname="com.fkapi.vcc.ExcuteVccApplyCase" />
                <testcase name="excute" time="1.164" classname="com.fkapi.vcc.ExcuteVccApplyCase" />
                <testcase name="excute" time="1.109" classname="com.fkapi.vcc.ExcuteVccApplyCase" />
                <testcase name="excute" time="1.381" classname="com.fkapi.vcc.ExcuteVccApplyCase" />
                <testcase name="excute" time="1.157" classname="com.fkapi.vcc.ExcuteVccApplyCase" />
                <testcase name="excute" time="1.412" classname="com.fkapi.vcc.ExcuteVccApplyCase" />
                <testcase name="excute" time="1.200" classname="com.fkapi.vcc.ExcuteVccApplyCase" />
                <testcase name="excute" time="1.293" classname="com.fkapi.vcc.ExcuteVccApplyCase" />
                <testcase name="excute" time="1.014" classname="com.fkapi.vcc.ExcuteVccApplyCase" />
                <testcase name="excute" time="1.122" classname="com.fkapi.vcc.ExcuteVccApplyCase" />
                <testcase name="excute" time="1.190" classname="com.fkapi.vcc.ExcuteVccApplyCase" />
                <testcase name="excute" time="1.224" classname="com.fkapi.vcc.ExcuteVccApplyCase" />
                <testcase name="excute" time="1.022" classname="com.fkapi.vcc.ExcuteVccApplyCase" />
                <testcase name="excute" time="1.557" classname="com.fkapi.vcc.ExcuteVccApplyCase" />
                <testcase name="excute" time="1.121" classname="com.fkapi.vcc.ExcuteVccApplyCase" />
                <testcase name="excute" time="1.162" classname="com.fkapi.vcc.ExcuteVccApplyCase" />
                <testcase name="excute" time="1.304" classname="com.fkapi.vcc.ExcuteVccApplyCase" />
                <testcase name="excute" time="1.380" classname="com.fkapi.vcc.ExcuteVccApplyCase" />
                <testcase name="excute" time="1.139" classname="com.fkapi.vcc.ExcuteVccApplyCase" />
                <testcase name="excute" time="1.076" classname="com.fkapi.vcc.ExcuteVccApplyCase" />
                <testcase name="excute" time="21.336" classname="com.fkapi.vcc.ExcuteVccApplyCase" />
                <testcase name="excute" time="1.274" classname="com.fkapi.vcc.ExcuteVccApplyCase" />
                <testcase name="excute" time="1.371" classname="com.fkapi.vcc.ExcuteVccApplyCase" />
                <testcase name="excute" time="1.446" classname="com.fkapi.vcc.ExcuteVccApplyCase" />
                <testcase name="excute" time="1.010" classname="com.fkapi.vcc.ExcuteVccApplyCase" />
                <testcase name="excute" time="1.326" classname="com.fkapi.vcc.ExcuteVccApplyCase" />
                <testcase name="excute" time="1.448" classname="com.fkapi.vcc.ExcuteVccApplyCase" />
                <testcase name="excute" time="1.106" classname="com.fkapi.vcc.ExcuteVccApplyCase" />
                <testcase name="excute" time="1.159" classname="com.fkapi.vcc.ExcuteVccApplyCase" />
                <testcase name="excute" time="1.478" classname="com.fkapi.vcc.ExcuteVccApplyCase" />
                <testcase name="excute" time="1.126" classname="com.fkapi.vcc.ExcuteVccApplyCase" />
      
</testsuite>
