<?xml version="1.0" encoding="UTF-8"?>
<testsuite name="风控接口测试"
           tests="22"
           failures="0"
           errors="0"
           skipped="0"
           time="151.232">
  <properties />
  
  
            <testcase name="excute" time="5.876" classname="com.fkapi.vcc.ExcuteVccConsumeCase" />
                <testcase name="excute" time="7.176" classname="com.fkapi.vcc.ExcuteVccConsumeCase" />
                <testcase name="excute" time="7.060" classname="com.fkapi.vcc.ExcuteVccConsumeCase" />
                <testcase name="excute" time="5.911" classname="com.fkapi.vcc.ExcuteVccConsumeCase" />
                <testcase name="excute" time="8.789" classname="com.fkapi.vcc.ExcuteVccConsumeCase" />
                <testcase name="excute" time="5.918" classname="com.fkapi.vcc.ExcuteVccConsumeCase" />
                <testcase name="excute" time="6.063" classname="com.fkapi.vcc.ExcuteVccConsumeCase" />
                <testcase name="excute" time="7.030" classname="com.fkapi.vcc.ExcuteVccConsumeCase" />
                <testcase name="excute" time="7.144" classname="com.fkapi.vcc.ExcuteVccConsumeCase" />
                <testcase name="excute" time="7.031" classname="com.fkapi.vcc.ExcuteVccConsumeCase" />
                <testcase name="excute" time="6.891" classname="com.fkapi.vcc.ExcuteVccConsumeCase" />
                <testcase name="excute" time="8.114" classname="com.fkapi.vcc.ExcuteVccConsumeCase" />
                <testcase name="excute" time="7.507" classname="com.fkapi.vcc.ExcuteVccConsumeCase" />
                <testcase name="excute" time="7.553" classname="com.fkapi.vcc.ExcuteVccConsumeCase" />
                <testcase name="excute" time="5.979" classname="com.fkapi.vcc.ExcuteVccConsumeCase" />
                <testcase name="excute" time="6.847" classname="com.fkapi.vcc.ExcuteVccConsumeCase" />
                <testcase name="excute" time="7.126" classname="com.fkapi.vcc.ExcuteVccConsumeCase" />
                <testcase name="excute" time="6.794" classname="com.fkapi.vcc.ExcuteVccConsumeCase" />
                <testcase name="excute" time="6.047" classname="com.fkapi.vcc.ExcuteVccConsumeCase" />
                <testcase name="excute" time="7.184" classname="com.fkapi.vcc.ExcuteVccConsumeCase" />
                <testcase name="excute" time="5.986" classname="com.fkapi.vcc.ExcuteVccConsumeCase" />
                <testcase name="excute" time="7.206" classname="com.fkapi.vcc.ExcuteVccConsumeCase" />
      
</testsuite>
