<?xml version="1.0" encoding="UTF-8"?>
<testsuite name="风控接口测试"
           tests="185"
           failures="4"
           errors="0"
           skipped="0"
           time="1038.786">
  <properties />
            <testcase name="excute" time="6.763" classname="com.fkapi.vcc.ExcuteVccApplyCase">
                <failure type="java.lang.Throwable"
                  message="(null)"
              >
<![CDATA[java.lang.Throwable
  message : expected [AUDIT_RETURN] but found [AUDIT_PASS] in method : .excute(ExcuteVccApplyCase:89)
  com.fkapi.vcc.ExcuteVccApplyCase.excute(ExcuteVccApplyCase.java:89)
]]>
      </failure>

          </testcase>
            <testcase name="excute" time="6.685" classname="com.fkapi.vcc.ExcuteVccApplyCase">
                <failure type="java.lang.Throwable"
                  message="(null)"
              >
<![CDATA[java.lang.Throwable
  message : expected [AUDIT_RETURN] but found [AUDIT_PASS] in method : .excute(ExcuteVccApplyCase:89)
  com.fkapi.vcc.ExcuteVccApplyCase.excute(ExcuteVccApplyCase.java:89)
]]>
      </failure>

          </testcase>
            <testcase name="excute" time="6.682" classname="com.fkapi.vcc.ExcuteVccApplyCase">
                <failure type="java.lang.Throwable"
                  message="(null)"
              >
<![CDATA[java.lang.Throwable
  message : expected [AUDIT_RETURN] but found [AUDIT_PASS] in method : .excute(ExcuteVccApplyCase:89)
  com.fkapi.vcc.ExcuteVccApplyCase.excute(ExcuteVccApplyCase.java:89)
]]>
      </failure>

          </testcase>
            <testcase name="excute" time="5.886" classname="com.fkapi.vcc.ExcuteVccApplyCase">
                <failure type="java.lang.Throwable"
                  message="(null)"
              >
<![CDATA[java.lang.Throwable
  message : expected [AUDIT_PASS] but found [AUDIT_RETURN] in method : .excute(ExcuteVccApplyCase:89)
  com.fkapi.vcc.ExcuteVccApplyCase.excute(ExcuteVccApplyCase.java:89)
]]>
      </failure>

          </testcase>
  
  
            <testcase name="excute" time="5.786" classname="com.fkapi.vcc.ExcuteVccApplyCase" />
                <testcase name="excute" time="6.830" classname="com.fkapi.vcc.ExcuteVccApplyCase" />
                <testcase name="excute" time="4.122" classname="com.fkapi.vcc.ExcuteVccApplyCase" />
                <testcase name="excute" time="6.735" classname="com.fkapi.vcc.ExcuteVccApplyCase" />
                <testcase name="excute" time="7.904" classname="com.fkapi.vcc.ExcuteVccApplyCase" />
                <testcase name="excute" time="5.791" classname="com.fkapi.vcc.ExcuteVccApplyCase" />
                <testcase name="excute" time="4.005" classname="com.fkapi.vcc.ExcuteVccApplyCase" />
                <testcase name="excute" time="5.801" classname="com.fkapi.vcc.ExcuteVccApplyCase" />
                <testcase name="excute" time="5.595" classname="com.fkapi.vcc.ExcuteVccApplyCase" />
                <testcase name="excute" time="4.364" classname="com.fkapi.vcc.ExcuteVccApplyCase" />
                <testcase name="excute" time="5.725" classname="com.fkapi.vcc.ExcuteVccApplyCase" />
                <testcase name="excute" time="5.737" classname="com.fkapi.vcc.ExcuteVccApplyCase" />
                <testcase name="excute" time="5.633" classname="com.fkapi.vcc.ExcuteVccApplyCase" />
                <testcase name="excute" time="6.039" classname="com.fkapi.vcc.ExcuteVccApplyCase" />
                <testcase name="excute" time="5.648" classname="com.fkapi.vcc.ExcuteVccApplyCase" />
                <testcase name="excute" time="5.579" classname="com.fkapi.vcc.ExcuteVccApplyCase" />
                <testcase name="excute" time="4.117" classname="com.fkapi.vcc.ExcuteVccApplyCase" />
                <testcase name="excute" time="5.505" classname="com.fkapi.vcc.ExcuteVccApplyCase" />
                <testcase name="excute" time="6.047" classname="com.fkapi.vcc.ExcuteVccApplyCase" />
                <testcase name="excute" time="5.534" classname="com.fkapi.vcc.ExcuteVccApplyCase" />
                <testcase name="excute" time="5.672" classname="com.fkapi.vcc.ExcuteVccApplyCase" />
                <testcase name="excute" time="6.774" classname="com.fkapi.vcc.ExcuteVccApplyCase" />
                <testcase name="excute" time="5.477" classname="com.fkapi.vcc.ExcuteVccApplyCase" />
                <testcase name="excute" time="6.783" classname="com.fkapi.vcc.ExcuteVccApplyCase" />
                <testcase name="excute" time="5.770" classname="com.fkapi.vcc.ExcuteVccApplyCase" />
                <testcase name="excute" time="5.764" classname="com.fkapi.vcc.ExcuteVccApplyCase" />
                <testcase name="excute" time="5.845" classname="com.fkapi.vcc.ExcuteVccApplyCase" />
                <testcase name="excute" time="3.854" classname="com.fkapi.vcc.ExcuteVccApplyCase" />
                <testcase name="excute" time="6.923" classname="com.fkapi.vcc.ExcuteVccApplyCase" />
                <testcase name="excute" time="5.665" classname="com.fkapi.vcc.ExcuteVccApplyCase" />
                <testcase name="excute" time="5.698" classname="com.fkapi.vcc.ExcuteVccApplyCase" />
                <testcase name="excute" time="5.623" classname="com.fkapi.vcc.ExcuteVccApplyCase" />
                <testcase name="excute" time="5.736" classname="com.fkapi.vcc.ExcuteVccApplyCase" />
                <testcase name="excute" time="5.397" classname="com.fkapi.vcc.ExcuteVccApplyCase" />
                <testcase name="excute" time="5.671" classname="com.fkapi.vcc.ExcuteVccApplyCase" />
                <testcase name="excute" time="5.960" classname="com.fkapi.vcc.ExcuteVccApplyCase" />
                <testcase name="excute" time="5.660" classname="com.fkapi.vcc.ExcuteVccApplyCase" />
                <testcase name="excute" time="5.532" classname="com.fkapi.vcc.ExcuteVccApplyCase" />
                <testcase name="excute" time="6.752" classname="com.fkapi.vcc.ExcuteVccApplyCase" />
                <testcase name="excute" time="4.221" classname="com.fkapi.vcc.ExcuteVccApplyCase" />
                <testcase name="excute" time="5.679" classname="com.fkapi.vcc.ExcuteVccApplyCase" />
                <testcase name="excute" time="5.492" classname="com.fkapi.vcc.ExcuteVccApplyCase" />
                <testcase name="excute" time="6.899" classname="com.fkapi.vcc.ExcuteVccApplyCase" />
                <testcase name="excute" time="3.885" classname="com.fkapi.vcc.ExcuteVccApplyCase" />
                <testcase name="excute" time="5.676" classname="com.fkapi.vcc.ExcuteVccApplyCase" />
                <testcase name="excute" time="5.631" classname="com.fkapi.vcc.ExcuteVccApplyCase" />
                <testcase name="excute" time="5.579" classname="com.fkapi.vcc.ExcuteVccApplyCase" />
                <testcase name="excute" time="4.360" classname="com.fkapi.vcc.ExcuteVccApplyCase" />
                <testcase name="excute" time="6.735" classname="com.fkapi.vcc.ExcuteVccApplyCase" />
                <testcase name="excute" time="7.856" classname="com.fkapi.vcc.ExcuteVccApplyCase" />
                <testcase name="excute" time="5.454" classname="com.fkapi.vcc.ExcuteVccApplyCase" />
                <testcase name="excute" time="5.478" classname="com.fkapi.vcc.ExcuteVccApplyCase" />
                <testcase name="excute" time="5.655" classname="com.fkapi.vcc.ExcuteVccApplyCase" />
                <testcase name="excute" time="4.153" classname="com.fkapi.vcc.ExcuteVccApplyCase" />
                <testcase name="excute" time="5.570" classname="com.fkapi.vcc.ExcuteVccApplyCase" />
                <testcase name="excute" time="5.754" classname="com.fkapi.vcc.ExcuteVccApplyCase" />
                <testcase name="excute" time="6.742" classname="com.fkapi.vcc.ExcuteVccApplyCase" />
                <testcase name="excute" time="5.882" classname="com.fkapi.vcc.ExcuteVccApplyCase" />
                <testcase name="excute" time="5.823" classname="com.fkapi.vcc.ExcuteVccApplyCase" />
                <testcase name="excute" time="5.392" classname="com.fkapi.vcc.ExcuteVccApplyCase" />
                <testcase name="excute" time="5.653" classname="com.fkapi.vcc.ExcuteVccApplyCase" />
                <testcase name="excute" time="5.575" classname="com.fkapi.vcc.ExcuteVccApplyCase" />
                <testcase name="excute" time="5.712" classname="com.fkapi.vcc.ExcuteVccApplyCase" />
                <testcase name="excute" time="5.761" classname="com.fkapi.vcc.ExcuteVccApplyCase" />
                <testcase name="excute" time="5.868" classname="com.fkapi.vcc.ExcuteVccApplyCase" />
                <testcase name="excute" time="5.722" classname="com.fkapi.vcc.ExcuteVccApplyCase" />
                <testcase name="excute" time="3.878" classname="com.fkapi.vcc.ExcuteVccApplyCase" />
                <testcase name="excute" time="4.494" classname="com.fkapi.vcc.ExcuteVccApplyCase" />
                <testcase name="excute" time="6.695" classname="com.fkapi.vcc.ExcuteVccApplyCase" />
                <testcase name="excute" time="5.706" classname="com.fkapi.vcc.ExcuteVccApplyCase" />
                <testcase name="excute" time="5.620" classname="com.fkapi.vcc.ExcuteVccApplyCase" />
                <testcase name="excute" time="3.910" classname="com.fkapi.vcc.ExcuteVccApplyCase" />
                <testcase name="excute" time="5.644" classname="com.fkapi.vcc.ExcuteVccApplyCase" />
                <testcase name="excute" time="5.442" classname="com.fkapi.vcc.ExcuteVccApplyCase" />
                <testcase name="excute" time="5.571" classname="com.fkapi.vcc.ExcuteVccApplyCase" />
                <testcase name="excute" time="5.479" classname="com.fkapi.vcc.ExcuteVccApplyCase" />
                <testcase name="excute" time="4.173" classname="com.fkapi.vcc.ExcuteVccApplyCase" />
                <testcase name="excute" time="5.590" classname="com.fkapi.vcc.ExcuteVccApplyCase" />
                <testcase name="excute" time="5.588" classname="com.fkapi.vcc.ExcuteVccApplyCase" />
                <testcase name="excute" time="5.928" classname="com.fkapi.vcc.ExcuteVccApplyCase" />
                <testcase name="excute" time="5.564" classname="com.fkapi.vcc.ExcuteVccApplyCase" />
                <testcase name="excute" time="5.865" classname="com.fkapi.vcc.ExcuteVccApplyCase" />
                <testcase name="excute" time="5.745" classname="com.fkapi.vcc.ExcuteVccApplyCase" />
                <testcase name="excute" time="5.388" classname="com.fkapi.vcc.ExcuteVccApplyCase" />
                <testcase name="excute" time="4.479" classname="com.fkapi.vcc.ExcuteVccApplyCase" />
                <testcase name="excute" time="5.713" classname="com.fkapi.vcc.ExcuteVccApplyCase" />
                <testcase name="excute" time="5.530" classname="com.fkapi.vcc.ExcuteVccApplyCase" />
                <testcase name="excute" time="5.497" classname="com.fkapi.vcc.ExcuteVccApplyCase" />
                <testcase name="excute" time="5.862" classname="com.fkapi.vcc.ExcuteVccApplyCase" />
                <testcase name="excute" time="6.739" classname="com.fkapi.vcc.ExcuteVccApplyCase" />
                <testcase name="excute" time="5.672" classname="com.fkapi.vcc.ExcuteVccApplyCase" />
                <testcase name="excute" time="4.383" classname="com.fkapi.vcc.ExcuteVccApplyCase" />
                <testcase name="excute" time="5.677" classname="com.fkapi.vcc.ExcuteVccApplyCase" />
                <testcase name="excute" time="5.711" classname="com.fkapi.vcc.ExcuteVccApplyCase" />
                <testcase name="excute" time="4.147" classname="com.fkapi.vcc.ExcuteVccApplyCase" />
                <testcase name="excute" time="5.646" classname="com.fkapi.vcc.ExcuteVccApplyCase" />
                <testcase name="excute" time="5.674" classname="com.fkapi.vcc.ExcuteVccApplyCase" />
                <testcase name="excute" time="5.675" classname="com.fkapi.vcc.ExcuteVccApplyCase" />
                <testcase name="excute" time="3.910" classname="com.fkapi.vcc.ExcuteVccApplyCase" />
                <testcase name="excute" time="5.452" classname="com.fkapi.vcc.ExcuteVccApplyCase" />
                <testcase name="excute" time="5.784" classname="com.fkapi.vcc.ExcuteVccApplyCase" />
                <testcase name="excute" time="5.687" classname="com.fkapi.vcc.ExcuteVccApplyCase" />
                <testcase name="excute" time="5.530" classname="com.fkapi.vcc.ExcuteVccApplyCase" />
                <testcase name="excute" time="6.159" classname="com.fkapi.vcc.ExcuteVccApplyCase" />
                <testcase name="excute" time="4.268" classname="com.fkapi.vcc.ExcuteVccApplyCase" />
                <testcase name="excute" time="5.613" classname="com.fkapi.vcc.ExcuteVccApplyCase" />
                <testcase name="excute" time="5.952" classname="com.fkapi.vcc.ExcuteVccApplyCase" />
                <testcase name="excute" time="5.862" classname="com.fkapi.vcc.ExcuteVccApplyCase" />
                <testcase name="excute" time="5.637" classname="com.fkapi.vcc.ExcuteVccApplyCase" />
                <testcase name="excute" time="5.787" classname="com.fkapi.vcc.ExcuteVccApplyCase" />
                <testcase name="excute" time="5.733" classname="com.fkapi.vcc.ExcuteVccApplyCase" />
                <testcase name="excute" time="5.615" classname="com.fkapi.vcc.ExcuteVccApplyCase" />
                <testcase name="excute" time="4.106" classname="com.fkapi.vcc.ExcuteVccApplyCase" />
                <testcase name="excute" time="5.723" classname="com.fkapi.vcc.ExcuteVccApplyCase" />
                <testcase name="excute" time="3.848" classname="com.fkapi.vcc.ExcuteVccApplyCase" />
                <testcase name="excute" time="4.395" classname="com.fkapi.vcc.ExcuteVccApplyCase" />
                <testcase name="excute" time="4.147" classname="com.fkapi.vcc.ExcuteVccApplyCase" />
                <testcase name="excute" time="5.539" classname="com.fkapi.vcc.ExcuteVccApplyCase" />
                <testcase name="excute" time="6.754" classname="com.fkapi.vcc.ExcuteVccApplyCase" />
                <testcase name="excute" time="5.615" classname="com.fkapi.vcc.ExcuteVccApplyCase" />
                <testcase name="excute" time="5.725" classname="com.fkapi.vcc.ExcuteVccApplyCase" />
                <testcase name="excute" time="5.616" classname="com.fkapi.vcc.ExcuteVccApplyCase" />
                <testcase name="excute" time="7.945" classname="com.fkapi.vcc.ExcuteVccApplyCase" />
                <testcase name="excute" time="5.631" classname="com.fkapi.vcc.ExcuteVccApplyCase" />
                <testcase name="excute" time="4.396" classname="com.fkapi.vcc.ExcuteVccApplyCase" />
                <testcase name="excute" time="3.871" classname="com.fkapi.vcc.ExcuteVccApplyCase" />
                <testcase name="excute" time="5.706" classname="com.fkapi.vcc.ExcuteVccApplyCase" />
                <testcase name="excute" time="4.189" classname="com.fkapi.vcc.ExcuteVccApplyCase" />
                <testcase name="excute" time="5.678" classname="com.fkapi.vcc.ExcuteVccApplyCase" />
                <testcase name="excute" time="5.838" classname="com.fkapi.vcc.ExcuteVccApplyCase" />
                <testcase name="excute" time="5.769" classname="com.fkapi.vcc.ExcuteVccApplyCase" />
                <testcase name="excute" time="5.650" classname="com.fkapi.vcc.ExcuteVccApplyCase" />
                <testcase name="excute" time="6.833" classname="com.fkapi.vcc.ExcuteVccApplyCase" />
                <testcase name="excute" time="5.634" classname="com.fkapi.vcc.ExcuteVccApplyCase" />
                <testcase name="excute" time="5.895" classname="com.fkapi.vcc.ExcuteVccApplyCase" />
                <testcase name="excute" time="5.736" classname="com.fkapi.vcc.ExcuteVccApplyCase" />
                <testcase name="excute" time="5.973" classname="com.fkapi.vcc.ExcuteVccApplyCase" />
                <testcase name="excute" time="5.704" classname="com.fkapi.vcc.ExcuteVccApplyCase" />
                <testcase name="excute" time="5.678" classname="com.fkapi.vcc.ExcuteVccApplyCase" />
                <testcase name="excute" time="5.670" classname="com.fkapi.vcc.ExcuteVccApplyCase" />
                <testcase name="excute" time="5.723" classname="com.fkapi.vcc.ExcuteVccApplyCase" />
                <testcase name="excute" time="5.775" classname="com.fkapi.vcc.ExcuteVccApplyCase" />
                <testcase name="excute" time="5.702" classname="com.fkapi.vcc.ExcuteVccApplyCase" />
                <testcase name="excute" time="6.745" classname="com.fkapi.vcc.ExcuteVccApplyCase" />
                <testcase name="excute" time="5.625" classname="com.fkapi.vcc.ExcuteVccApplyCase" />
                <testcase name="excute" time="5.827" classname="com.fkapi.vcc.ExcuteVccApplyCase" />
                <testcase name="excute" time="5.808" classname="com.fkapi.vcc.ExcuteVccApplyCase" />
                <testcase name="excute" time="5.507" classname="com.fkapi.vcc.ExcuteVccApplyCase" />
                <testcase name="excute" time="5.780" classname="com.fkapi.vcc.ExcuteVccApplyCase" />
                <testcase name="excute" time="5.800" classname="com.fkapi.vcc.ExcuteVccApplyCase" />
                <testcase name="excute" time="5.739" classname="com.fkapi.vcc.ExcuteVccApplyCase" />
                <testcase name="excute" time="5.575" classname="com.fkapi.vcc.ExcuteVccApplyCase" />
                <testcase name="excute" time="5.729" classname="com.fkapi.vcc.ExcuteVccApplyCase" />
                <testcase name="excute" time="5.568" classname="com.fkapi.vcc.ExcuteVccApplyCase" />
                <testcase name="excute" time="5.672" classname="com.fkapi.vcc.ExcuteVccApplyCase" />
                <testcase name="excute" time="5.536" classname="com.fkapi.vcc.ExcuteVccApplyCase" />
                <testcase name="excute" time="5.802" classname="com.fkapi.vcc.ExcuteVccApplyCase" />
                <testcase name="excute" time="5.608" classname="com.fkapi.vcc.ExcuteVccApplyCase" />
                <testcase name="excute" time="5.881" classname="com.fkapi.vcc.ExcuteVccApplyCase" />
                <testcase name="excute" time="5.567" classname="com.fkapi.vcc.ExcuteVccApplyCase" />
                <testcase name="excute" time="4.189" classname="com.fkapi.vcc.ExcuteVccApplyCase" />
                <testcase name="excute" time="3.927" classname="com.fkapi.vcc.ExcuteVccApplyCase" />
                <testcase name="excute" time="3.964" classname="com.fkapi.vcc.ExcuteVccApplyCase" />
                <testcase name="excute" time="6.620" classname="com.fkapi.vcc.ExcuteVccApplyCase" />
                <testcase name="excute" time="5.552" classname="com.fkapi.vcc.ExcuteVccApplyCase" />
                <testcase name="excute" time="6.859" classname="com.fkapi.vcc.ExcuteVccApplyCase" />
                <testcase name="excute" time="5.628" classname="com.fkapi.vcc.ExcuteVccApplyCase" />
                <testcase name="excute" time="5.770" classname="com.fkapi.vcc.ExcuteVccApplyCase" />
                <testcase name="excute" time="5.917" classname="com.fkapi.vcc.ExcuteVccApplyCase" />
                <testcase name="excute" time="5.657" classname="com.fkapi.vcc.ExcuteVccApplyCase" />
                <testcase name="excute" time="5.669" classname="com.fkapi.vcc.ExcuteVccApplyCase" />
                <testcase name="excute" time="5.677" classname="com.fkapi.vcc.ExcuteVccApplyCase" />
                <testcase name="excute" time="5.657" classname="com.fkapi.vcc.ExcuteVccApplyCase" />
                <testcase name="excute" time="9.807" classname="com.fkapi.vcc.ExcuteVccApplyCase" />
                <testcase name="excute" time="5.720" classname="com.fkapi.vcc.ExcuteVccApplyCase" />
                <testcase name="excute" time="5.680" classname="com.fkapi.vcc.ExcuteVccApplyCase" />
                <testcase name="excute" time="5.730" classname="com.fkapi.vcc.ExcuteVccApplyCase" />
                <testcase name="excute" time="5.880" classname="com.fkapi.vcc.ExcuteVccApplyCase" />
                <testcase name="excute" time="4.356" classname="com.fkapi.vcc.ExcuteVccApplyCase" />
                <testcase name="excute" time="5.730" classname="com.fkapi.vcc.ExcuteVccApplyCase" />
                <testcase name="excute" time="5.614" classname="com.fkapi.vcc.ExcuteVccApplyCase" />
      
</testsuite>
